TN:
SF:src/domain/entity/product.ts
FN:3,get
FN:14,validate
FN:27,getId
FN:31,getName
FN:35,getPrice
FN:39,changePrice
FN:44,changeName
FN:49,toJSon
FN:5,Product
FNF:9
FNH:9
FNDA:23,get
FNDA:24,validate
FNDA:22,getId
FNDA:22,getName
FNDA:22,getPrice
FNDA:1,changePrice
FNDA:1,changeName
FNDA:1,toJSon
FNDA:22,Product
DA:1,1
DA:2,1
DA:3,1
DA:4,1
DA:5,1
DA:6,22
DA:7,22
DA:8,22
DA:9,22
DA:10,22
DA:11,22
DA:12,1
DA:13,1
DA:14,1
DA:15,24
DA:16,1
DA:17,1
DA:18,23
DA:19,24
DA:20,1
DA:21,1
DA:22,22
DA:23,24
DA:24,1
DA:25,1
DA:26,24
DA:27,1
DA:28,22
DA:29,22
DA:30,1
DA:31,1
DA:32,22
DA:33,22
DA:34,1
DA:35,1
DA:36,22
DA:37,22
DA:38,1
DA:39,1
DA:40,1
DA:41,1
DA:42,1
DA:43,1
DA:44,1
DA:45,1
DA:46,1
DA:47,1
DA:48,1
DA:49,1
DA:50,1
DA:51,1
DA:52,1
LF:52
LH:52
BRDA:3,0,0,23
BRDA:14,1,0,24
BRDA:15,2,0,1
BRDA:18,3,0,23
BRDA:19,4,0,1
BRDA:22,5,0,22
BRDA:23,6,0,1
BRDA:27,7,0,22
BRDA:31,8,0,22
BRDA:35,9,0,22
BRDA:39,10,0,1
BRDA:44,11,0,1
BRDA:49,12,0,1
BRDA:5,13,0,22
BRF:14
BRH:14
end_of_record
TN:
SF:src/domain/errors/invalid-data.ts
FN:1,get
FN:2,InvalidDataProvided
FNF:2
FNH:2
FNDA:3,get
FNDA:3,InvalidDataProvided
DA:1,1
DA:2,1
DA:3,3
DA:4,3
DA:5,1
LF:5
LH:5
BRDA:1,0,0,3
BRDA:2,1,0,3
BRF:2
BRH:2
end_of_record
TN:
SF:src/domain/factory/product-factory.ts
FN:4,get
FN:5,create
FNF:2
FNH:2
FNDA:12,get
FNDA:12,create
DA:1,1
DA:2,1
DA:3,1
DA:4,1
DA:5,1
DA:6,12
DA:7,12
DA:8,1
LF:8
LH:8
BRDA:4,0,0,12
BRDA:5,1,0,12
BRF:2
BRH:2
end_of_record
TN:
SF:src/infra/amqp/amqp.ts
FN:3,get
FN:15,setup
FN:23,produce
FN:6,Amqp
FNF:4
FNH:4
FNDA:2,get
FNDA:2,setup
FNDA:2,produce
FNDA:2,Amqp
DA:1,1
DA:2,1
DA:3,1
DA:4,1
DA:5,1
DA:6,1
DA:7,2
DA:8,2
DA:9,2
DA:10,2
DA:11,2
DA:12,2
DA:13,2
DA:14,1
DA:15,1
DA:16,2
DA:17,2
DA:18,2
DA:19,2
DA:20,2
DA:21,2
DA:22,1
DA:23,1
DA:24,2
DA:25,2
DA:26,1
LF:26
LH:26
BRDA:3,0,0,2
BRDA:15,1,0,2
BRDA:23,2,0,2
BRDA:6,3,0,2
BRF:4
BRH:4
end_of_record
TN:
SF:src/infra/repository/mongoose/product-repository.mongoose.ts
FN:4,get
FN:6,create
FN:19,find
FN:32,findAll
FNF:4
FNH:4
FNDA:5,get
FNDA:7,create
FNDA:1,find
FNDA:2,findAll
DA:1,1
DA:2,1
DA:3,1
DA:4,1
DA:5,1
DA:6,1
DA:7,7
DA:8,7
DA:9,7
DA:10,7
DA:11,7
DA:12,7
DA:13,7
DA:14,7
DA:15,7
DA:16,7
DA:17,7
DA:18,1
DA:19,1
DA:20,1
DA:21,1
DA:22,1
DA:23,1
DA:24,0
DA:25,0
DA:26,1
DA:27,1
DA:28,1
DA:29,1
DA:30,1
DA:31,1
DA:32,1
DA:33,2
DA:34,2
DA:35,0
DA:36,0
DA:37,2
DA:38,2
DA:39,2
DA:40,2
DA:41,2
DA:42,2
DA:43,2
DA:44,2
DA:45,1
DA:46,1
DA:47,1
LF:47
LH:43
BRDA:4,0,0,5
BRDA:6,1,0,7
BRDA:19,2,0,1
BRDA:23,3,0,0
BRDA:32,4,0,2
BRDA:34,5,0,0
BRDA:40,6,0,4
BRF:7
BRH:5
end_of_record
TN:
SF:src/infra/repository/mongoose/product-schema.ts
FN:18,get
FNF:1
FNH:1
FNDA:16,get
DA:1,1
DA:2,1
DA:3,1
DA:4,1
DA:5,1
DA:6,1
DA:7,1
DA:8,1
DA:9,1
DA:10,1
DA:11,1
DA:12,1
DA:13,1
DA:14,1
DA:15,1
DA:16,1
DA:17,1
DA:18,1
LF:18
LH:18
BRDA:18,0,0,16
BRF:1
BRH:1
end_of_record
TN:
SF:src/usecase/create-product.usecase.ts
FN:7,get
FN:17,execute
FN:9,CreateProductUseCase
FNF:3
FNH:3
FNDA:2,get
FNDA:2,execute
FNDA:2,CreateProductUseCase
DA:1,1
DA:2,1
DA:3,1
DA:4,1
DA:5,1
DA:6,1
DA:7,1
DA:8,1
DA:9,1
DA:10,2
DA:11,2
DA:12,2
DA:13,2
DA:14,2
DA:15,1
DA:16,1
DA:17,1
DA:18,2
DA:19,2
DA:20,2
DA:21,2
DA:22,2
DA:23,2
DA:24,2
DA:25,2
DA:26,2
DA:27,2
DA:28,2
DA:29,2
DA:30,1
LF:30
LH:30
BRDA:7,0,0,2
BRDA:17,1,0,2
BRDA:9,2,0,2
BRF:3
BRH:3
end_of_record
TN:
SF:src/usecase/list-product.usecase.ts
FN:8,get
FN:17,execute
FN:10,ListProductUseCase
FNF:3
FNH:3
FNDA:2,get
FNDA:2,execute
FNDA:2,ListProductUseCase
DA:1,1
DA:2,1
DA:3,1
DA:4,1
DA:5,1
DA:6,1
DA:7,1
DA:8,1
DA:9,1
DA:10,1
DA:11,2
DA:12,2
DA:13,2
DA:14,2
DA:15,1
DA:16,1
DA:17,1
DA:18,2
DA:19,2
DA:20,2
DA:21,2
DA:22,4
DA:23,4
DA:24,4
DA:25,4
DA:26,2
DA:27,2
DA:28,2
DA:29,2
DA:30,2
DA:31,2
DA:32,2
DA:33,1
LF:33
LH:33
BRDA:8,0,0,2
BRDA:17,1,0,2
BRDA:21,2,0,4
BRDA:10,3,0,2
BRF:4
BRH:4
end_of_record
